<?xml version="1.0" encoding="UTF-8"?>
<!-- Generated by org.testng.reporters.JUnitReportReporter -->
<testsuite name="Test.TestRunner2" tests="1" time="26.131" ignored="0" failures="0" timestamp="28 May 2022 11:07:33 GMT" skipped="0" hostname="LAPTOP-SF32JU0L" errors="0">
  <testcase name="runScenario" time="26.131" classname="Test.TestRunner2"/>
</testsuite> <!-- Test.TestRunner2 -->
